<?xml version="1.0" encoding="UTF-8"?>
<!-- Generated by org.testng.reporters.JUnitXMLReporter -->
<testsuite hostname="Sevims-MacBook-Pro.local" ignored="0" name="Default test" tests="5" failures="0" timestamp="23 Mar 2020 06:26:35 GMT" time="121.243" errors="0">
  <testcase name="selectHotelCloserThanTenMile" time="15.476" classname="com.hotels.com.tests.SecondPageTest"/>
  <testcase name="verifySecondPageTitle" time="5.044" classname="com.hotels.com.tests.SecondPageTest"/>
  <testcase name="fiveStarCloserThanTenMile" time="7.322" classname="com.hotels.com.tests.SecondPageTest"/>
  <testcase name="fourStarCloserThanTenMiles" time="7.414" classname="com.hotels.com.tests.SecondPageTest"/>
  <testcase name="threeStarCloserThanTenMile" time="7.466" classname="com.hotels.com.tests.SecondPageTest"/>
</testsuite> <!-- Default test -->
